
> stellarstudio.com@0.1.0 build /home/philipe/Documentos/Projetos/stellar.co/apps/stellarstudio.com
> next build

   ▲ Next.js 15.5.9
   - Experiments (use with caution):
     · optimizePackageImports

   Creating an optimized production build ...
 ✓ Compiled successfully in 4.6s
   Linting and checking validity of types ...
   Collecting page data ...
   Generating static pages (0/7) ...
   Generating static pages (1/7) 
   Generating static pages (3/7) 
   Generating static pages (5/7) 
 ✓ Generating static pages (7/7)
   Finalizing page optimization ...
   Collecting build traces ...

Route (app)                                 Size  First Load JS
┌ ○ /_not-found                            989 B         103 kB
├ ƒ /[lang]                              45.8 kB         201 kB
├ ○ /manifest.webmanifest                  133 B         102 kB
├ ○ /robots.txt                            133 B         102 kB
└ ○ /sitemap.xml                           133 B         102 kB
+ First Load JS shared by all             102 kB
  ├ chunks/155-3999ce5a582a6bed.js       45.9 kB
  ├ chunks/fec8defa-0c01829af2a6a679.js  54.2 kB
  └ other shared chunks (total)          1.93 kB


ƒ Middleware                             42.9 kB

○  (Static)   prerendered as static content
ƒ  (Dynamic)  server-rendered on demand

